The system is: Darwin - 10.8.0 - i386
Compiling the C compiler identification source file "CMakeCCompilerId.c" succeeded.
Compiler: /usr/bin/gcc 
Build flags: 
Id flags: 

The output was:
0


Compilation of the C compiler identification source "CMakeCCompilerId.c" produced "a.out"

The C compiler identification is GNU, found in "/Users/security/osxminecraft/CMakeFiles/CompilerIdC/a.out"

Compiling the CXX compiler identification source file "CMakeCXXCompilerId.cpp" succeeded.
Compiler: /usr/bin/g++ 
Build flags: 
Id flags: 

The output was:
0


Compilation of the CXX compiler identification source "CMakeCXXCompilerId.cpp" produced "a.out"

The CXX compiler identification is GNU, found in "/Users/security/osxminecraft/CMakeFiles/CompilerIdCXX/a.out"

Determining if the C compiler works passed with the following output:
Change Dir: /Users/security/osxminecraft/CMakeFiles/CMakeTmp

Run Build Command:/opt/local/bin/cmakexbuild -project CMAKE_TRY_COMPILE.xcodeproj build -target cmTryCompileExec3139670344 -configuration Debug

=== BUILD NATIVE TARGET cmTryCompileExec3139670344 OF PROJECT CMAKE_TRY_COMPILE WITH CONFIGURATION Debug ===
Check dependencies
CompileC CMAKE_TRY_COMPILE.build/Debug/cmTryCompileExec3139670344.build/Objects-normal/x86_64/testCCompiler.o testCCompiler.c normal x86_64 c com.apple.compilers.gcc.4_2
    cd /Users/security/osxminecraft/CMakeFiles/CMakeTmp
    /Developer/usr/bin/gcc-4.2 -x c -arch x86_64 -fmessage-length=0 -pipe -Wno-trigraphs -fpascal-strings -fasm-blocks -O0 -mdynamic-no-pic -DCMAKE_INTDIR="Debug" -isysroot /Developer/SDKs/MacOSX10.6.sdk -mmacosx-version-min=10.6 -gdwarf-2 -Wmost -Wno-four-char-constants -Wno-unknown-pragmas -F/Users/security/osxminecraft/CMakeFiles/CMakeTmp/Debug -I/Users/security/osxminecraft/CMakeFiles/CMakeTmp/Debug/include -I/Users/security/osxminecraft/CMakeFiles/CMakeTmp/CMAKE_TRY_COMPILE.build/Debug/cmTryCompileExec3139670344.build/DerivedSources/x86_64 -I/Users/security/osxminecraft/CMakeFiles/CMakeTmp/CMAKE_TRY_COMPILE.build/Debug/cmTryCompileExec3139670344.build/DerivedSources -c /Users/security/osxminecraft/CMakeFiles/CMakeTmp/testCCompiler.c -o /Users/security/osxminecraft/CMakeFiles/CMakeTmp/CMAKE_TRY_COMPILE.build/Debug/cmTryCompileExec3139670344.build/Objects-normal/x86_64/testCCompiler.o

Ld Debug/cmTryCompileExec3139670344 normal x86_64
    cd /Users/security/osxminecraft/CMakeFiles/CMakeTmp
    /Developer/usr/bin/gcc-4.2 -arch x86_64 -isysroot /Developer/SDKs/MacOSX10.6.sdk -L/Users/security/osxminecraft/CMakeFiles/CMakeTmp/Debug -F/Users/security/osxminecraft/CMakeFiles/CMakeTmp/Debug -filelist /Users/security/osxminecraft/CMakeFiles/CMakeTmp/CMAKE_TRY_COMPILE.build/Debug/cmTryCompileExec3139670344.build/Objects-normal/x86_64/cmTryCompileExec3139670344.LinkFileList -mmacosx-version-min=10.6 -Wl,-search_paths_first -Wl,-headerpad_max_install_names -o /Users/security/osxminecraft/CMakeFiles/CMakeTmp/Debug/cmTryCompileExec3139670344

PhaseScriptExecution "CMake PostBuild Rules" CMAKE_TRY_COMPILE.build/Debug/cmTryCompileExec3139670344.build/Script-44FF5B73AA5446ACAE56487C.sh
    cd /Users/security/osxminecraft/CMakeFiles/CMakeTmp
    /bin/sh -c /Users/security/osxminecraft/CMakeFiles/CMakeTmp/CMAKE_TRY_COMPILE.build/Debug/cmTryCompileExec3139670344.build/Script-44FF5B73AA5446ACAE56487C.sh

echo "Depend check for xcode"
Depend check for xcode
cd /Users/security/osxminecraft/CMakeFiles/CMakeTmp && make -C /Users/security/osxminecraft/CMakeFiles/CMakeTmp -f /Users/security/osxminecraft/CMakeFiles/CMakeTmp/CMakeScripts/XCODE_DEPEND_HELPER.make PostBuild.cmTryCompileExec3139670344.Debug
make[1]: Nothing to be done for `PostBuild.cmTryCompileExec3139670344.Debug'.
** BUILD SUCCEEDED **



Detecting C compiler ABI info compiled with the following output:
Change Dir: /Users/security/osxminecraft/CMakeFiles/CMakeTmp

Run Build Command:/opt/local/bin/cmakexbuild -project CMAKE_TRY_COMPILE.xcodeproj build -target cmTryCompileExec3782926468 -configuration Debug

=== BUILD NATIVE TARGET cmTryCompileExec3782926468 OF PROJECT CMAKE_TRY_COMPILE WITH CONFIGURATION Debug ===
Check dependencies
CompileC CMAKE_TRY_COMPILE.build/Debug/cmTryCompileExec3782926468.build/Objects-normal/x86_64/CMakeCCompilerABI.o ../../../../../opt/local/share/cmake-2.8/Modules/CMakeCCompilerABI.c normal x86_64 c com.apple.compilers.gcc.4_2
    cd /Users/security/osxminecraft/CMakeFiles/CMakeTmp
    /Developer/usr/bin/gcc-4.2 -x c -arch x86_64 -fmessage-length=0 -pipe -Wno-trigraphs -fpascal-strings -fasm-blocks -O0 -mdynamic-no-pic -DCMAKE_INTDIR="Debug" -isysroot /Developer/SDKs/MacOSX10.6.sdk -mmacosx-version-min=10.6 -gdwarf-2 -Wmost -Wno-four-char-constants -Wno-unknown-pragmas -F/Users/security/osxminecraft/CMakeFiles/CMakeTmp/Debug -I/Users/security/osxminecraft/CMakeFiles/CMakeTmp/Debug/include -I/Users/security/osxminecraft/CMakeFiles/CMakeTmp/CMAKE_TRY_COMPILE.build/Debug/cmTryCompileExec3782926468.build/DerivedSources/x86_64 -I/Users/security/osxminecraft/CMakeFiles/CMakeTmp/CMAKE_TRY_COMPILE.build/Debug/cmTryCompileExec3782926468.build/DerivedSources -c /Users/security/osxminecraft/CMakeFiles/CMakeTmp/../../../../../opt/local/share/cmake-2.8/Modules/CMakeCCompilerABI.c -o /Users/security/osxminecraft/CMakeFiles/CMakeTmp/CMAKE_TRY_COMPILE.build/Debug/cmTryCompileExec3782926468.build/Objects-normal/x86_64/CMakeCCompilerABI.o

Ld Debug/cmTryCompileExec3782926468 normal x86_64
    cd /Users/security/osxminecraft/CMakeFiles/CMakeTmp
    /Developer/usr/bin/gcc-4.2 -arch x86_64 -isysroot /Developer/SDKs/MacOSX10.6.sdk -L/Users/security/osxminecraft/CMakeFiles/CMakeTmp/Debug -F/Users/security/osxminecraft/CMakeFiles/CMakeTmp/Debug -filelist /Users/security/osxminecraft/CMakeFiles/CMakeTmp/CMAKE_TRY_COMPILE.build/Debug/cmTryCompileExec3782926468.build/Objects-normal/x86_64/cmTryCompileExec3782926468.LinkFileList -mmacosx-version-min=10.6 -v -Wl,-search_paths_first -Wl,-headerpad_max_install_names -o /Users/security/osxminecraft/CMakeFiles/CMakeTmp/Debug/cmTryCompileExec3782926468

Using built-in specs.
Target: i686-apple-darwin10
Configured with: /var/tmp/gcc/gcc-5666.3~6/src/configure --disable-checking --enable-werror --prefix=/usr --mandir=/share/man --enable-languages=c,objc,c++,obj-c++ --program-transform-name=/^[cg][^.-]*$/s/$/-4.2/ --with-slibdir=/usr/lib --build=i686-apple-darwin10 --program-prefix=i686-apple-darwin10- --host=x86_64-apple-darwin10 --target=i686-apple-darwin10 --with-gxx-include-dir=/include/c++/4.2.1
Thread model: posix
gcc version 4.2.1 (Apple Inc. build 5666) (dot 3)
 /Developer/usr/bin/../libexec/gcc/i686-apple-darwin10/4.2.1/collect2 -dynamic -arch x86_64 -macosx_version_min 10.6 -syslibroot /Developer/SDKs/MacOSX10.6.sdk -weak_reference_mismatches non-weak -o /Users/security/osxminecraft/CMakeFiles/CMakeTmp/Debug/cmTryCompileExec3782926468 -lcrt1.10.6.o -L/Users/security/osxminecraft/CMakeFiles/CMakeTmp/Debug -L/Developer/usr/bin/../lib/gcc/i686-apple-darwin10/4.2.1/x86_64 -L/usr/lib/gcc/i686-apple-darwin10/4.2.1/x86_64 -L/usr/lib/gcc/i686-apple-darwin10/4.2.1/x86_64 -L/Developer/SDKs/MacOSX10.6.sdk/usr/lib/i686-apple-darwin10/4.2.1 -L/Developer/SDKs/MacOSX10.6.sdk/usr/lib -L/Developer/usr/bin/../lib/gcc/i686-apple-darwin10/4.2.1 -L/Developer/usr/bin/../lib/gcc -L/usr/lib/gcc/i686-apple-darwin10/4.2.1 -L/usr/lib/gcc/i686-apple-darwin10/4.2.1 -L/Developer/usr/bin/../lib/gcc/i686-apple-darwin10/4.2.1/../../../i686-apple-darwin10/4.2.1 -L/Developer/usr/bin/../lib/gcc/i686-apple-darwin10/4.2.1/../../.. -L/Developer/SDKs/MacOSX10.6.sdk/usr/lib/gcc/i686-apple-darwin10/4.2.1/../../../i686-apple-darwin10/4.2.1 -L/Developer/SDKs/MacOSX10.6.sdk/usr/lib/gcc/i686-apple-darwin10/4.2.1/../../.. -filelist /Users/security/osxminecraft/CMakeFiles/CMakeTmp/CMAKE_TRY_COMPILE.build/Debug/cmTryCompileExec3782926468.build/Objects-normal/x86_64/cmTryCompileExec3782926468.LinkFileList -search_paths_first -headerpad_max_install_names -lSystem -lgcc -lSystem -F/Users/security/osxminecraft/CMakeFiles/CMakeTmp/Debug
PhaseScriptExecution "CMake PostBuild Rules" CMAKE_TRY_COMPILE.build/Debug/cmTryCompileExec3782926468.build/Script-79E2E5D20E414780A4126F62.sh
    cd /Users/security/osxminecraft/CMakeFiles/CMakeTmp
    /bin/sh -c /Users/security/osxminecraft/CMakeFiles/CMakeTmp/CMAKE_TRY_COMPILE.build/Debug/cmTryCompileExec3782926468.build/Script-79E2E5D20E414780A4126F62.sh

echo "Depend check for xcode"
Depend check for xcode
cd /Users/security/osxminecraft/CMakeFiles/CMakeTmp && make -C /Users/security/osxminecraft/CMakeFiles/CMakeTmp -f /Users/security/osxminecraft/CMakeFiles/CMakeTmp/CMakeScripts/XCODE_DEPEND_HELPER.make PostBuild.cmTryCompileExec3782926468.Debug
make[1]: Nothing to be done for `PostBuild.cmTryCompileExec3782926468.Debug'.
** BUILD SUCCEEDED **



Determining if the CXX compiler works passed with the following output:
Change Dir: /Users/security/osxminecraft/CMakeFiles/CMakeTmp

Run Build Command:/opt/local/bin/cmakexbuild -project CMAKE_TRY_COMPILE.xcodeproj build -target cmTryCompileExec1047809818 -configuration Debug

=== BUILD NATIVE TARGET cmTryCompileExec1047809818 OF PROJECT CMAKE_TRY_COMPILE WITH CONFIGURATION Debug ===
Check dependencies
CompileC CMAKE_TRY_COMPILE.build/Debug/cmTryCompileExec1047809818.build/Objects-normal/x86_64/testCXXCompiler.o testCXXCompiler.cxx normal x86_64 c++ com.apple.compilers.gcc.4_2
    cd /Users/security/osxminecraft/CMakeFiles/CMakeTmp
    /Developer/usr/bin/gcc-4.2 -x c++ -arch x86_64 -fmessage-length=0 -pipe -Wno-trigraphs -fpascal-strings -fasm-blocks -O0 -mdynamic-no-pic -DCMAKE_INTDIR="Debug" -isysroot /Developer/SDKs/MacOSX10.6.sdk -mmacosx-version-min=10.6 -Wmost -Wno-four-char-constants -Wno-unknown-pragmas -F/Users/security/osxminecraft/CMakeFiles/CMakeTmp/Debug -I/Users/security/osxminecraft/CMakeFiles/CMakeTmp/Debug/include -I/Users/security/osxminecraft/CMakeFiles/CMakeTmp/CMAKE_TRY_COMPILE.build/Debug/cmTryCompileExec1047809818.build/DerivedSources/x86_64 -I/Users/security/osxminecraft/CMakeFiles/CMakeTmp/CMAKE_TRY_COMPILE.build/Debug/cmTryCompileExec1047809818.build/DerivedSources -g -c /Users/security/osxminecraft/CMakeFiles/CMakeTmp/testCXXCompiler.cxx -o /Users/security/osxminecraft/CMakeFiles/CMakeTmp/CMAKE_TRY_COMPILE.build/Debug/cmTryCompileExec1047809818.build/Objects-normal/x86_64/testCXXCompiler.o

Ld Debug/cmTryCompileExec1047809818 normal x86_64
    cd /Users/security/osxminecraft/CMakeFiles/CMakeTmp
    /Developer/usr/bin/g++-4.2 -arch x86_64 -isysroot /Developer/SDKs/MacOSX10.6.sdk -L/Users/security/osxminecraft/CMakeFiles/CMakeTmp/Debug -F/Users/security/osxminecraft/CMakeFiles/CMakeTmp/Debug -filelist /Users/security/osxminecraft/CMakeFiles/CMakeTmp/CMAKE_TRY_COMPILE.build/Debug/cmTryCompileExec1047809818.build/Objects-normal/x86_64/cmTryCompileExec1047809818.LinkFileList -mmacosx-version-min=10.6 -Wl,-search_paths_first -Wl,-headerpad_max_install_names -o /Users/security/osxminecraft/CMakeFiles/CMakeTmp/Debug/cmTryCompileExec1047809818

PhaseScriptExecution "CMake PostBuild Rules" CMAKE_TRY_COMPILE.build/Debug/cmTryCompileExec1047809818.build/Script-EC932C1DB8964063B171A332.sh
    cd /Users/security/osxminecraft/CMakeFiles/CMakeTmp
    /bin/sh -c /Users/security/osxminecraft/CMakeFiles/CMakeTmp/CMAKE_TRY_COMPILE.build/Debug/cmTryCompileExec1047809818.build/Script-EC932C1DB8964063B171A332.sh

echo "Depend check for xcode"
Depend check for xcode
cd /Users/security/osxminecraft/CMakeFiles/CMakeTmp && make -C /Users/security/osxminecraft/CMakeFiles/CMakeTmp -f /Users/security/osxminecraft/CMakeFiles/CMakeTmp/CMakeScripts/XCODE_DEPEND_HELPER.make PostBuild.cmTryCompileExec1047809818.Debug
make[1]: Nothing to be done for `PostBuild.cmTryCompileExec1047809818.Debug'.
** BUILD SUCCEEDED **



Detecting CXX compiler ABI info compiled with the following output:
Change Dir: /Users/security/osxminecraft/CMakeFiles/CMakeTmp

Run Build Command:/opt/local/bin/cmakexbuild -project CMAKE_TRY_COMPILE.xcodeproj build -target cmTryCompileExec354166971 -configuration Debug

=== BUILD NATIVE TARGET cmTryCompileExec354166971 OF PROJECT CMAKE_TRY_COMPILE WITH CONFIGURATION Debug ===
Check dependencies
CompileC CMAKE_TRY_COMPILE.build/Debug/cmTryCompileExec354166971.build/Objects-normal/x86_64/CMakeCXXCompilerABI.o ../../../../../opt/local/share/cmake-2.8/Modules/CMakeCXXCompilerABI.cpp normal x86_64 c++ com.apple.compilers.gcc.4_2
    cd /Users/security/osxminecraft/CMakeFiles/CMakeTmp
    /Developer/usr/bin/gcc-4.2 -x c++ -arch x86_64 -fmessage-length=0 -pipe -Wno-trigraphs -fpascal-strings -fasm-blocks -O0 -mdynamic-no-pic -DCMAKE_INTDIR="Debug" -isysroot /Developer/SDKs/MacOSX10.6.sdk -mmacosx-version-min=10.6 -Wmost -Wno-four-char-constants -Wno-unknown-pragmas -F/Users/security/osxminecraft/CMakeFiles/CMakeTmp/Debug -I/Users/security/osxminecraft/CMakeFiles/CMakeTmp/Debug/include -I/Users/security/osxminecraft/CMakeFiles/CMakeTmp/CMAKE_TRY_COMPILE.build/Debug/cmTryCompileExec354166971.build/DerivedSources/x86_64 -I/Users/security/osxminecraft/CMakeFiles/CMakeTmp/CMAKE_TRY_COMPILE.build/Debug/cmTryCompileExec354166971.build/DerivedSources -g -c /Users/security/osxminecraft/CMakeFiles/CMakeTmp/../../../../../opt/local/share/cmake-2.8/Modules/CMakeCXXCompilerABI.cpp -o /Users/security/osxminecraft/CMakeFiles/CMakeTmp/CMAKE_TRY_COMPILE.build/Debug/cmTryCompileExec354166971.build/Objects-normal/x86_64/CMakeCXXCompilerABI.o

Ld Debug/cmTryCompileExec354166971 normal x86_64
    cd /Users/security/osxminecraft/CMakeFiles/CMakeTmp
    /Developer/usr/bin/g++-4.2 -arch x86_64 -isysroot /Developer/SDKs/MacOSX10.6.sdk -L/Users/security/osxminecraft/CMakeFiles/CMakeTmp/Debug -F/Users/security/osxminecraft/CMakeFiles/CMakeTmp/Debug -filelist /Users/security/osxminecraft/CMakeFiles/CMakeTmp/CMAKE_TRY_COMPILE.build/Debug/cmTryCompileExec354166971.build/Objects-normal/x86_64/cmTryCompileExec354166971.LinkFileList -mmacosx-version-min=10.6 -v -Wl,-search_paths_first -Wl,-headerpad_max_install_names -o /Users/security/osxminecraft/CMakeFiles/CMakeTmp/Debug/cmTryCompileExec354166971

Using built-in specs.
Target: i686-apple-darwin10
Configured with: /var/tmp/gcc/gcc-5666.3~6/src/configure --disable-checking --enable-werror --prefix=/usr --mandir=/share/man --enable-languages=c,objc,c++,obj-c++ --program-transform-name=/^[cg][^.-]*$/s/$/-4.2/ --with-slibdir=/usr/lib --build=i686-apple-darwin10 --program-prefix=i686-apple-darwin10- --host=x86_64-apple-darwin10 --target=i686-apple-darwin10 --with-gxx-include-dir=/include/c++/4.2.1
Thread model: posix
gcc version 4.2.1 (Apple Inc. build 5666) (dot 3)
 /Developer/usr/bin/../libexec/gcc/i686-apple-darwin10/4.2.1/collect2 -dynamic -arch x86_64 -macosx_version_min 10.6 -syslibroot /Developer/SDKs/MacOSX10.6.sdk -weak_reference_mismatches non-weak -o /Users/security/osxminecraft/CMakeFiles/CMakeTmp/Debug/cmTryCompileExec354166971 -lcrt1.10.6.o -L/Users/security/osxminecraft/CMakeFiles/CMakeTmp/Debug -L/Developer/usr/bin/../lib/gcc/i686-apple-darwin10/4.2.1/x86_64 -L/usr/lib/gcc/i686-apple-darwin10/4.2.1/x86_64 -L/usr/lib/gcc/i686-apple-darwin10/4.2.1/x86_64 -L/Developer/SDKs/MacOSX10.6.sdk/usr/lib/i686-apple-darwin10/4.2.1 -L/Developer/SDKs/MacOSX10.6.sdk/usr/lib -L/Developer/usr/bin/../lib/gcc/i686-apple-darwin10/4.2.1 -L/Developer/usr/bin/../lib/gcc -L/usr/lib/gcc/i686-apple-darwin10/4.2.1 -L/usr/lib/gcc/i686-apple-darwin10/4.2.1 -L/Developer/usr/bin/../lib/gcc/i686-apple-darwin10/4.2.1/../../../i686-apple-darwin10/4.2.1 -L/Developer/usr/bin/../lib/gcc/i686-apple-darwin10/4.2.1/../../.. -L/Developer/SDKs/MacOSX10.6.sdk/usr/lib/gcc/i686-apple-darwin10/4.2.1/../../../i686-apple-darwin10/4.2.1 -L/Developer/SDKs/MacOSX10.6.sdk/usr/lib/gcc/i686-apple-darwin10/4.2.1/../../.. -filelist /Users/security/osxminecraft/CMakeFiles/CMakeTmp/CMAKE_TRY_COMPILE.build/Debug/cmTryCompileExec354166971.build/Objects-normal/x86_64/cmTryCompileExec354166971.LinkFileList -search_paths_first -headerpad_max_install_names -lstdc++ -lSystem -lgcc -lSystem -F/Users/security/osxminecraft/CMakeFiles/CMakeTmp/Debug
PhaseScriptExecution "CMake PostBuild Rules" CMAKE_TRY_COMPILE.build/Debug/cmTryCompileExec354166971.build/Script-7EA512CE48724E5B8349E798.sh
    cd /Users/security/osxminecraft/CMakeFiles/CMakeTmp
    /bin/sh -c /Users/security/osxminecraft/CMakeFiles/CMakeTmp/CMAKE_TRY_COMPILE.build/Debug/cmTryCompileExec354166971.build/Script-7EA512CE48724E5B8349E798.sh

echo "Depend check for xcode"
Depend check for xcode
cd /Users/security/osxminecraft/CMakeFiles/CMakeTmp && make -C /Users/security/osxminecraft/CMakeFiles/CMakeTmp -f /Users/security/osxminecraft/CMakeFiles/CMakeTmp/CMakeScripts/XCODE_DEPEND_HELPER.make PostBuild.cmTryCompileExec354166971.Debug
make[1]: Nothing to be done for `PostBuild.cmTryCompileExec354166971.Debug'.
** BUILD SUCCEEDED **



Determining if the function XOpenDisplay exists in the /opt/local/lib/libX11.dylib;/opt/local/lib/libXext.dylib passed with the following output:
Change Dir: /Users/security/osxminecraft/CMakeFiles/CMakeTmp

Run Build Command:/opt/local/bin/cmakexbuild -project CMAKE_TRY_COMPILE.xcodeproj build -target cmTryCompileExec3807700939 -configuration Debug

=== BUILD NATIVE TARGET cmTryCompileExec3807700939 OF PROJECT CMAKE_TRY_COMPILE WITH CONFIGURATION Debug ===
Check dependencies
CompileC CMAKE_TRY_COMPILE.build/Debug/cmTryCompileExec3807700939.build/Objects-normal/x86_64/CheckFunctionExists.o ../../../../../opt/local/share/cmake-2.8/Modules/CheckFunctionExists.c normal x86_64 c com.apple.compilers.gcc.4_2
    cd /Users/security/osxminecraft/CMakeFiles/CMakeTmp
    /Developer/usr/bin/gcc-4.2 -x c -arch x86_64 -fmessage-length=0 -pipe -Wno-trigraphs -fpascal-strings -fasm-blocks -O0 -mdynamic-no-pic -DCMAKE_INTDIR="Debug" -isysroot /Developer/SDKs/MacOSX10.6.sdk -mmacosx-version-min=10.6 -gdwarf-2 -Wmost -Wno-four-char-constants -Wno-unknown-pragmas -F/Users/security/osxminecraft/CMakeFiles/CMakeTmp/Debug -I/Users/security/osxminecraft/CMakeFiles/CMakeTmp/Debug/include -I/Users/security/osxminecraft/CMakeFiles/CMakeTmp/CMAKE_TRY_COMPILE.build/Debug/cmTryCompileExec3807700939.build/DerivedSources/x86_64 -I/Users/security/osxminecraft/CMakeFiles/CMakeTmp/CMAKE_TRY_COMPILE.build/Debug/cmTryCompileExec3807700939.build/DerivedSources -DCHECK_FUNCTION_EXISTS=XOpenDisplay -c /Users/security/osxminecraft/CMakeFiles/CMakeTmp/../../../../../opt/local/share/cmake-2.8/Modules/CheckFunctionExists.c -o /Users/security/osxminecraft/CMakeFiles/CMakeTmp/CMAKE_TRY_COMPILE.build/Debug/cmTryCompileExec3807700939.build/Objects-normal/x86_64/CheckFunctionExists.o

Ld Debug/cmTryCompileExec3807700939 normal x86_64
    cd /Users/security/osxminecraft/CMakeFiles/CMakeTmp
    /Developer/usr/bin/gcc-4.2 -arch x86_64 -isysroot /Developer/SDKs/MacOSX10.6.sdk -L/Users/security/osxminecraft/CMakeFiles/CMakeTmp/Debug -L/opt/local/lib/Debug -L/opt/local/lib -F/Users/security/osxminecraft/CMakeFiles/CMakeTmp/Debug -filelist /Users/security/osxminecraft/CMakeFiles/CMakeTmp/CMAKE_TRY_COMPILE.build/Debug/cmTryCompileExec3807700939.build/Objects-normal/x86_64/cmTryCompileExec3807700939.LinkFileList -mmacosx-version-min=10.6 -Wl,-search_paths_first -Wl,-headerpad_max_install_names /opt/local/lib/libX11.dylib /opt/local/lib/libXext.dylib -o /Users/security/osxminecraft/CMakeFiles/CMakeTmp/Debug/cmTryCompileExec3807700939

ld: warning: directory '/opt/local/lib/Debug' following -L not found
PhaseScriptExecution "CMake PostBuild Rules" CMAKE_TRY_COMPILE.build/Debug/cmTryCompileExec3807700939.build/Script-77B5D65881F44675975D7723.sh
    cd /Users/security/osxminecraft/CMakeFiles/CMakeTmp
    /bin/sh -c /Users/security/osxminecraft/CMakeFiles/CMakeTmp/CMAKE_TRY_COMPILE.build/Debug/cmTryCompileExec3807700939.build/Script-77B5D65881F44675975D7723.sh

echo "Depend check for xcode"
Depend check for xcode
cd /Users/security/osxminecraft/CMakeFiles/CMakeTmp && make -C /Users/security/osxminecraft/CMakeFiles/CMakeTmp -f /Users/security/osxminecraft/CMakeFiles/CMakeTmp/CMakeScripts/XCODE_DEPEND_HELPER.make PostBuild.cmTryCompileExec3807700939.Debug
make[1]: Nothing to be done for `PostBuild.cmTryCompileExec3807700939.Debug'.
** BUILD SUCCEEDED **



Determining if the function gethostbyname exists passed with the following output:
Change Dir: /Users/security/osxminecraft/CMakeFiles/CMakeTmp

Run Build Command:/opt/local/bin/cmakexbuild -project CMAKE_TRY_COMPILE.xcodeproj build -target cmTryCompileExec1462619468 -configuration Debug

=== BUILD NATIVE TARGET cmTryCompileExec1462619468 OF PROJECT CMAKE_TRY_COMPILE WITH CONFIGURATION Debug ===
Check dependencies
CompileC CMAKE_TRY_COMPILE.build/Debug/cmTryCompileExec1462619468.build/Objects-normal/x86_64/CheckFunctionExists.o ../../../../../opt/local/share/cmake-2.8/Modules/CheckFunctionExists.c normal x86_64 c com.apple.compilers.gcc.4_2
    cd /Users/security/osxminecraft/CMakeFiles/CMakeTmp
    /Developer/usr/bin/gcc-4.2 -x c -arch x86_64 -fmessage-length=0 -pipe -Wno-trigraphs -fpascal-strings -fasm-blocks -O0 -mdynamic-no-pic -DCMAKE_INTDIR="Debug" -isysroot /Developer/SDKs/MacOSX10.6.sdk -mmacosx-version-min=10.6 -gdwarf-2 -Wmost -Wno-four-char-constants -Wno-unknown-pragmas -F/Users/security/osxminecraft/CMakeFiles/CMakeTmp/Debug -I/Users/security/osxminecraft/CMakeFiles/CMakeTmp/Debug/include -I/Users/security/osxminecraft/CMakeFiles/CMakeTmp/CMAKE_TRY_COMPILE.build/Debug/cmTryCompileExec1462619468.build/DerivedSources/x86_64 -I/Users/security/osxminecraft/CMakeFiles/CMakeTmp/CMAKE_TRY_COMPILE.build/Debug/cmTryCompileExec1462619468.build/DerivedSources -DCHECK_FUNCTION_EXISTS=gethostbyname -c /Users/security/osxminecraft/CMakeFiles/CMakeTmp/../../../../../opt/local/share/cmake-2.8/Modules/CheckFunctionExists.c -o /Users/security/osxminecraft/CMakeFiles/CMakeTmp/CMAKE_TRY_COMPILE.build/Debug/cmTryCompileExec1462619468.build/Objects-normal/x86_64/CheckFunctionExists.o

Ld Debug/cmTryCompileExec1462619468 normal x86_64
    cd /Users/security/osxminecraft/CMakeFiles/CMakeTmp
    /Developer/usr/bin/gcc-4.2 -arch x86_64 -isysroot /Developer/SDKs/MacOSX10.6.sdk -L/Users/security/osxminecraft/CMakeFiles/CMakeTmp/Debug -F/Users/security/osxminecraft/CMakeFiles/CMakeTmp/Debug -filelist /Users/security/osxminecraft/CMakeFiles/CMakeTmp/CMAKE_TRY_COMPILE.build/Debug/cmTryCompileExec1462619468.build/Objects-normal/x86_64/cmTryCompileExec1462619468.LinkFileList -mmacosx-version-min=10.6 -Wl,-search_paths_first -Wl,-headerpad_max_install_names -o /Users/security/osxminecraft/CMakeFiles/CMakeTmp/Debug/cmTryCompileExec1462619468

PhaseScriptExecution "CMake PostBuild Rules" CMAKE_TRY_COMPILE.build/Debug/cmTryCompileExec1462619468.build/Script-919B96BA924443A5B529302E.sh
    cd /Users/security/osxminecraft/CMakeFiles/CMakeTmp
    /bin/sh -c /Users/security/osxminecraft/CMakeFiles/CMakeTmp/CMAKE_TRY_COMPILE.build/Debug/cmTryCompileExec1462619468.build/Script-919B96BA924443A5B529302E.sh

echo "Depend check for xcode"
Depend check for xcode
cd /Users/security/osxminecraft/CMakeFiles/CMakeTmp && make -C /Users/security/osxminecraft/CMakeFiles/CMakeTmp -f /Users/security/osxminecraft/CMakeFiles/CMakeTmp/CMakeScripts/XCODE_DEPEND_HELPER.make PostBuild.cmTryCompileExec1462619468.Debug
make[1]: Nothing to be done for `PostBuild.cmTryCompileExec1462619468.Debug'.
** BUILD SUCCEEDED **



Determining if the function connect exists passed with the following output:
Change Dir: /Users/security/osxminecraft/CMakeFiles/CMakeTmp

Run Build Command:/opt/local/bin/cmakexbuild -project CMAKE_TRY_COMPILE.xcodeproj build -target cmTryCompileExec1885348798 -configuration Debug

=== BUILD NATIVE TARGET cmTryCompileExec1885348798 OF PROJECT CMAKE_TRY_COMPILE WITH CONFIGURATION Debug ===
Check dependencies
CompileC CMAKE_TRY_COMPILE.build/Debug/cmTryCompileExec1885348798.build/Objects-normal/x86_64/CheckFunctionExists.o ../../../../../opt/local/share/cmake-2.8/Modules/CheckFunctionExists.c normal x86_64 c com.apple.compilers.gcc.4_2
    cd /Users/security/osxminecraft/CMakeFiles/CMakeTmp
    /Developer/usr/bin/gcc-4.2 -x c -arch x86_64 -fmessage-length=0 -pipe -Wno-trigraphs -fpascal-strings -fasm-blocks -O0 -mdynamic-no-pic -DCMAKE_INTDIR="Debug" -isysroot /Developer/SDKs/MacOSX10.6.sdk -mmacosx-version-min=10.6 -gdwarf-2 -Wmost -Wno-four-char-constants -Wno-unknown-pragmas -F/Users/security/osxminecraft/CMakeFiles/CMakeTmp/Debug -I/Users/security/osxminecraft/CMakeFiles/CMakeTmp/Debug/include -I/Users/security/osxminecraft/CMakeFiles/CMakeTmp/CMAKE_TRY_COMPILE.build/Debug/cmTryCompileExec1885348798.build/DerivedSources/x86_64 -I/Users/security/osxminecraft/CMakeFiles/CMakeTmp/CMAKE_TRY_COMPILE.build/Debug/cmTryCompileExec1885348798.build/DerivedSources -DCHECK_FUNCTION_EXISTS=connect -c /Users/security/osxminecraft/CMakeFiles/CMakeTmp/../../../../../opt/local/share/cmake-2.8/Modules/CheckFunctionExists.c -o /Users/security/osxminecraft/CMakeFiles/CMakeTmp/CMAKE_TRY_COMPILE.build/Debug/cmTryCompileExec1885348798.build/Objects-normal/x86_64/CheckFunctionExists.o

Ld Debug/cmTryCompileExec1885348798 normal x86_64
    cd /Users/security/osxminecraft/CMakeFiles/CMakeTmp
    /Developer/usr/bin/gcc-4.2 -arch x86_64 -isysroot /Developer/SDKs/MacOSX10.6.sdk -L/Users/security/osxminecraft/CMakeFiles/CMakeTmp/Debug -F/Users/security/osxminecraft/CMakeFiles/CMakeTmp/Debug -filelist /Users/security/osxminecraft/CMakeFiles/CMakeTmp/CMAKE_TRY_COMPILE.build/Debug/cmTryCompileExec1885348798.build/Objects-normal/x86_64/cmTryCompileExec1885348798.LinkFileList -mmacosx-version-min=10.6 -Wl,-search_paths_first -Wl,-headerpad_max_install_names -o /Users/security/osxminecraft/CMakeFiles/CMakeTmp/Debug/cmTryCompileExec1885348798

PhaseScriptExecution "CMake PostBuild Rules" CMAKE_TRY_COMPILE.build/Debug/cmTryCompileExec1885348798.build/Script-07111BA6B9394098BF7468B1.sh
    cd /Users/security/osxminecraft/CMakeFiles/CMakeTmp
    /bin/sh -c /Users/security/osxminecraft/CMakeFiles/CMakeTmp/CMAKE_TRY_COMPILE.build/Debug/cmTryCompileExec1885348798.build/Script-07111BA6B9394098BF7468B1.sh

echo "Depend check for xcode"
Depend check for xcode
cd /Users/security/osxminecraft/CMakeFiles/CMakeTmp && make -C /Users/security/osxminecraft/CMakeFiles/CMakeTmp -f /Users/security/osxminecraft/CMakeFiles/CMakeTmp/CMakeScripts/XCODE_DEPEND_HELPER.make PostBuild.cmTryCompileExec1885348798.Debug
make[1]: Nothing to be done for `PostBuild.cmTryCompileExec1885348798.Debug'.
** BUILD SUCCEEDED **



Determining if the function remove exists passed with the following output:
Change Dir: /Users/security/osxminecraft/CMakeFiles/CMakeTmp

Run Build Command:/opt/local/bin/cmakexbuild -project CMAKE_TRY_COMPILE.xcodeproj build -target cmTryCompileExec2909572170 -configuration Debug

=== BUILD NATIVE TARGET cmTryCompileExec2909572170 OF PROJECT CMAKE_TRY_COMPILE WITH CONFIGURATION Debug ===
Check dependencies
CompileC CMAKE_TRY_COMPILE.build/Debug/cmTryCompileExec2909572170.build/Objects-normal/x86_64/CheckFunctionExists.o ../../../../../opt/local/share/cmake-2.8/Modules/CheckFunctionExists.c normal x86_64 c com.apple.compilers.gcc.4_2
    cd /Users/security/osxminecraft/CMakeFiles/CMakeTmp
    /Developer/usr/bin/gcc-4.2 -x c -arch x86_64 -fmessage-length=0 -pipe -Wno-trigraphs -fpascal-strings -fasm-blocks -O0 -mdynamic-no-pic -DCMAKE_INTDIR="Debug" -isysroot /Developer/SDKs/MacOSX10.6.sdk -mmacosx-version-min=10.6 -gdwarf-2 -Wmost -Wno-four-char-constants -Wno-unknown-pragmas -F/Users/security/osxminecraft/CMakeFiles/CMakeTmp/Debug -I/Users/security/osxminecraft/CMakeFiles/CMakeTmp/Debug/include -I/Users/security/osxminecraft/CMakeFiles/CMakeTmp/CMAKE_TRY_COMPILE.build/Debug/cmTryCompileExec2909572170.build/DerivedSources/x86_64 -I/Users/security/osxminecraft/CMakeFiles/CMakeTmp/CMAKE_TRY_COMPILE.build/Debug/cmTryCompileExec2909572170.build/DerivedSources -DCHECK_FUNCTION_EXISTS=remove -c /Users/security/osxminecraft/CMakeFiles/CMakeTmp/../../../../../opt/local/share/cmake-2.8/Modules/CheckFunctionExists.c -o /Users/security/osxminecraft/CMakeFiles/CMakeTmp/CMAKE_TRY_COMPILE.build/Debug/cmTryCompileExec2909572170.build/Objects-normal/x86_64/CheckFunctionExists.o

Ld Debug/cmTryCompileExec2909572170 normal x86_64
    cd /Users/security/osxminecraft/CMakeFiles/CMakeTmp
    /Developer/usr/bin/gcc-4.2 -arch x86_64 -isysroot /Developer/SDKs/MacOSX10.6.sdk -L/Users/security/osxminecraft/CMakeFiles/CMakeTmp/Debug -F/Users/security/osxminecraft/CMakeFiles/CMakeTmp/Debug -filelist /Users/security/osxminecraft/CMakeFiles/CMakeTmp/CMAKE_TRY_COMPILE.build/Debug/cmTryCompileExec2909572170.build/Objects-normal/x86_64/cmTryCompileExec2909572170.LinkFileList -mmacosx-version-min=10.6 -Wl,-search_paths_first -Wl,-headerpad_max_install_names -o /Users/security/osxminecraft/CMakeFiles/CMakeTmp/Debug/cmTryCompileExec2909572170

PhaseScriptExecution "CMake PostBuild Rules" CMAKE_TRY_COMPILE.build/Debug/cmTryCompileExec2909572170.build/Script-EBC3DA237B7949DF90EC52A7.sh
    cd /Users/security/osxminecraft/CMakeFiles/CMakeTmp
    /bin/sh -c /Users/security/osxminecraft/CMakeFiles/CMakeTmp/CMAKE_TRY_COMPILE.build/Debug/cmTryCompileExec2909572170.build/Script-EBC3DA237B7949DF90EC52A7.sh

echo "Depend check for xcode"
Depend check for xcode
cd /Users/security/osxminecraft/CMakeFiles/CMakeTmp && make -C /Users/security/osxminecraft/CMakeFiles/CMakeTmp -f /Users/security/osxminecraft/CMakeFiles/CMakeTmp/CMakeScripts/XCODE_DEPEND_HELPER.make PostBuild.cmTryCompileExec2909572170.Debug
make[1]: Nothing to be done for `PostBuild.cmTryCompileExec2909572170.Debug'.
** BUILD SUCCEEDED **



Determining if the function shmat exists passed with the following output:
Change Dir: /Users/security/osxminecraft/CMakeFiles/CMakeTmp

Run Build Command:/opt/local/bin/cmakexbuild -project CMAKE_TRY_COMPILE.xcodeproj build -target cmTryCompileExec150816646 -configuration Debug

=== BUILD NATIVE TARGET cmTryCompileExec150816646 OF PROJECT CMAKE_TRY_COMPILE WITH CONFIGURATION Debug ===
Check dependencies
CompileC CMAKE_TRY_COMPILE.build/Debug/cmTryCompileExec150816646.build/Objects-normal/x86_64/CheckFunctionExists.o ../../../../../opt/local/share/cmake-2.8/Modules/CheckFunctionExists.c normal x86_64 c com.apple.compilers.gcc.4_2
    cd /Users/security/osxminecraft/CMakeFiles/CMakeTmp
    /Developer/usr/bin/gcc-4.2 -x c -arch x86_64 -fmessage-length=0 -pipe -Wno-trigraphs -fpascal-strings -fasm-blocks -O0 -mdynamic-no-pic -DCMAKE_INTDIR="Debug" -isysroot /Developer/SDKs/MacOSX10.6.sdk -mmacosx-version-min=10.6 -gdwarf-2 -Wmost -Wno-four-char-constants -Wno-unknown-pragmas -F/Users/security/osxminecraft/CMakeFiles/CMakeTmp/Debug -I/Users/security/osxminecraft/CMakeFiles/CMakeTmp/Debug/include -I/Users/security/osxminecraft/CMakeFiles/CMakeTmp/CMAKE_TRY_COMPILE.build/Debug/cmTryCompileExec150816646.build/DerivedSources/x86_64 -I/Users/security/osxminecraft/CMakeFiles/CMakeTmp/CMAKE_TRY_COMPILE.build/Debug/cmTryCompileExec150816646.build/DerivedSources -DCHECK_FUNCTION_EXISTS=shmat -c /Users/security/osxminecraft/CMakeFiles/CMakeTmp/../../../../../opt/local/share/cmake-2.8/Modules/CheckFunctionExists.c -o /Users/security/osxminecraft/CMakeFiles/CMakeTmp/CMAKE_TRY_COMPILE.build/Debug/cmTryCompileExec150816646.build/Objects-normal/x86_64/CheckFunctionExists.o

Ld Debug/cmTryCompileExec150816646 normal x86_64
    cd /Users/security/osxminecraft/CMakeFiles/CMakeTmp
    /Developer/usr/bin/gcc-4.2 -arch x86_64 -isysroot /Developer/SDKs/MacOSX10.6.sdk -L/Users/security/osxminecraft/CMakeFiles/CMakeTmp/Debug -F/Users/security/osxminecraft/CMakeFiles/CMakeTmp/Debug -filelist /Users/security/osxminecraft/CMakeFiles/CMakeTmp/CMAKE_TRY_COMPILE.build/Debug/cmTryCompileExec150816646.build/Objects-normal/x86_64/cmTryCompileExec150816646.LinkFileList -mmacosx-version-min=10.6 -Wl,-search_paths_first -Wl,-headerpad_max_install_names -o /Users/security/osxminecraft/CMakeFiles/CMakeTmp/Debug/cmTryCompileExec150816646

PhaseScriptExecution "CMake PostBuild Rules" CMAKE_TRY_COMPILE.build/Debug/cmTryCompileExec150816646.build/Script-E3237AE9B0434AE2B566F488.sh
    cd /Users/security/osxminecraft/CMakeFiles/CMakeTmp
    /bin/sh -c /Users/security/osxminecraft/CMakeFiles/CMakeTmp/CMAKE_TRY_COMPILE.build/Debug/cmTryCompileExec150816646.build/Script-E3237AE9B0434AE2B566F488.sh

echo "Depend check for xcode"
Depend check for xcode
cd /Users/security/osxminecraft/CMakeFiles/CMakeTmp && make -C /Users/security/osxminecraft/CMakeFiles/CMakeTmp -f /Users/security/osxminecraft/CMakeFiles/CMakeTmp/CMakeScripts/XCODE_DEPEND_HELPER.make PostBuild.cmTryCompileExec150816646.Debug
make[1]: Nothing to be done for `PostBuild.cmTryCompileExec150816646.Debug'.
** BUILD SUCCEEDED **



Determining if the function IceConnectionNumber exists in the ICE passed with the following output:
Change Dir: /Users/security/osxminecraft/CMakeFiles/CMakeTmp

Run Build Command:/opt/local/bin/cmakexbuild -project CMAKE_TRY_COMPILE.xcodeproj build -target cmTryCompileExec3922656909 -configuration Debug

=== BUILD NATIVE TARGET cmTryCompileExec3922656909 OF PROJECT CMAKE_TRY_COMPILE WITH CONFIGURATION Debug ===
Check dependencies
CompileC CMAKE_TRY_COMPILE.build/Debug/cmTryCompileExec3922656909.build/Objects-normal/x86_64/CheckFunctionExists.o ../../../../../opt/local/share/cmake-2.8/Modules/CheckFunctionExists.c normal x86_64 c com.apple.compilers.gcc.4_2
    cd /Users/security/osxminecraft/CMakeFiles/CMakeTmp
    /Developer/usr/bin/gcc-4.2 -x c -arch x86_64 -fmessage-length=0 -pipe -Wno-trigraphs -fpascal-strings -fasm-blocks -O0 -mdynamic-no-pic -DCMAKE_INTDIR="Debug" -isysroot /Developer/SDKs/MacOSX10.6.sdk -mmacosx-version-min=10.6 -gdwarf-2 -Wmost -Wno-four-char-constants -Wno-unknown-pragmas -F/Users/security/osxminecraft/CMakeFiles/CMakeTmp/Debug -I/Users/security/osxminecraft/CMakeFiles/CMakeTmp/Debug/include -I/Users/security/osxminecraft/CMakeFiles/CMakeTmp/CMAKE_TRY_COMPILE.build/Debug/cmTryCompileExec3922656909.build/DerivedSources/x86_64 -I/Users/security/osxminecraft/CMakeFiles/CMakeTmp/CMAKE_TRY_COMPILE.build/Debug/cmTryCompileExec3922656909.build/DerivedSources -DCHECK_FUNCTION_EXISTS=IceConnectionNumber -c /Users/security/osxminecraft/CMakeFiles/CMakeTmp/../../../../../opt/local/share/cmake-2.8/Modules/CheckFunctionExists.c -o /Users/security/osxminecraft/CMakeFiles/CMakeTmp/CMAKE_TRY_COMPILE.build/Debug/cmTryCompileExec3922656909.build/Objects-normal/x86_64/CheckFunctionExists.o

Ld Debug/cmTryCompileExec3922656909 normal x86_64
    cd /Users/security/osxminecraft/CMakeFiles/CMakeTmp
    /Developer/usr/bin/gcc-4.2 -arch x86_64 -isysroot /Developer/SDKs/MacOSX10.6.sdk -L/Users/security/osxminecraft/CMakeFiles/CMakeTmp/Debug -L/opt/local/lib/Debug -L/opt/local/lib -F/Users/security/osxminecraft/CMakeFiles/CMakeTmp/Debug -filelist /Users/security/osxminecraft/CMakeFiles/CMakeTmp/CMAKE_TRY_COMPILE.build/Debug/cmTryCompileExec3922656909.build/Objects-normal/x86_64/cmTryCompileExec3922656909.LinkFileList -mmacosx-version-min=10.6 -Wl,-search_paths_first -Wl,-headerpad_max_install_names -lICE -o /Users/security/osxminecraft/CMakeFiles/CMakeTmp/Debug/cmTryCompileExec3922656909

ld: warning: directory '/opt/local/lib/Debug' following -L not found
PhaseScriptExecution "CMake PostBuild Rules" CMAKE_TRY_COMPILE.build/Debug/cmTryCompileExec3922656909.build/Script-4023AF13B8AA48C2BECE04C1.sh
    cd /Users/security/osxminecraft/CMakeFiles/CMakeTmp
    /bin/sh -c /Users/security/osxminecraft/CMakeFiles/CMakeTmp/CMAKE_TRY_COMPILE.build/Debug/cmTryCompileExec3922656909.build/Script-4023AF13B8AA48C2BECE04C1.sh

echo "Depend check for xcode"
Depend check for xcode
cd /Users/security/osxminecraft/CMakeFiles/CMakeTmp && make -C /Users/security/osxminecraft/CMakeFiles/CMakeTmp -f /Users/security/osxminecraft/CMakeFiles/CMakeTmp/CMakeScripts/XCODE_DEPEND_HELPER.make PostBuild.cmTryCompileExec3922656909.Debug
make[1]: Nothing to be done for `PostBuild.cmTryCompileExec3922656909.Debug'.
** BUILD SUCCEEDED **



Determining if the function BZ2_bzCompressInit exists in the /usr/lib/libbz2.dylib passed with the following output:
Change Dir: /Users/security/osxminecraft/CMakeFiles/CMakeTmp

Run Build Command:/opt/local/bin/cmakexbuild -project CMAKE_TRY_COMPILE.xcodeproj build -target cmTryCompileExec1395724360 -configuration Debug

=== BUILD NATIVE TARGET cmTryCompileExec1395724360 OF PROJECT CMAKE_TRY_COMPILE WITH CONFIGURATION Debug ===
Check dependencies
CompileC CMAKE_TRY_COMPILE.build/Debug/cmTryCompileExec1395724360.build/Objects-normal/x86_64/CheckFunctionExists.o ../../../../../opt/local/share/cmake-2.8/Modules/CheckFunctionExists.c normal x86_64 c com.apple.compilers.gcc.4_2
    cd /Users/security/osxminecraft/CMakeFiles/CMakeTmp
    /Developer/usr/bin/gcc-4.2 -x c -arch x86_64 -fmessage-length=0 -pipe -Wno-trigraphs -fpascal-strings -fasm-blocks -O0 -mdynamic-no-pic -DCMAKE_INTDIR="Debug" -isysroot /Developer/SDKs/MacOSX10.6.sdk -mmacosx-version-min=10.6 -gdwarf-2 -Wmost -Wno-four-char-constants -Wno-unknown-pragmas -F/Users/security/osxminecraft/CMakeFiles/CMakeTmp/Debug -I/Users/security/osxminecraft/CMakeFiles/CMakeTmp/Debug/include -I/Users/security/osxminecraft/CMakeFiles/CMakeTmp/CMAKE_TRY_COMPILE.build/Debug/cmTryCompileExec1395724360.build/DerivedSources/x86_64 -I/Users/security/osxminecraft/CMakeFiles/CMakeTmp/CMAKE_TRY_COMPILE.build/Debug/cmTryCompileExec1395724360.build/DerivedSources -DCHECK_FUNCTION_EXISTS=BZ2_bzCompressInit -c /Users/security/osxminecraft/CMakeFiles/CMakeTmp/../../../../../opt/local/share/cmake-2.8/Modules/CheckFunctionExists.c -o /Users/security/osxminecraft/CMakeFiles/CMakeTmp/CMAKE_TRY_COMPILE.build/Debug/cmTryCompileExec1395724360.build/Objects-normal/x86_64/CheckFunctionExists.o

Ld Debug/cmTryCompileExec1395724360 normal x86_64
    cd /Users/security/osxminecraft/CMakeFiles/CMakeTmp
    /Developer/usr/bin/gcc-4.2 -arch x86_64 -isysroot /Developer/SDKs/MacOSX10.6.sdk -L/Users/security/osxminecraft/CMakeFiles/CMakeTmp/Debug -F/Users/security/osxminecraft/CMakeFiles/CMakeTmp/Debug -filelist /Users/security/osxminecraft/CMakeFiles/CMakeTmp/CMAKE_TRY_COMPILE.build/Debug/cmTryCompileExec1395724360.build/Objects-normal/x86_64/cmTryCompileExec1395724360.LinkFileList -mmacosx-version-min=10.6 -Wl,-search_paths_first -Wl,-headerpad_max_install_names /usr/lib/libbz2.dylib -o /Users/security/osxminecraft/CMakeFiles/CMakeTmp/Debug/cmTryCompileExec1395724360

PhaseScriptExecution "CMake PostBuild Rules" CMAKE_TRY_COMPILE.build/Debug/cmTryCompileExec1395724360.build/Script-FC70D882B4BA4FF5844E3B17.sh
    cd /Users/security/osxminecraft/CMakeFiles/CMakeTmp
    /bin/sh -c /Users/security/osxminecraft/CMakeFiles/CMakeTmp/CMAKE_TRY_COMPILE.build/Debug/cmTryCompileExec1395724360.build/Script-FC70D882B4BA4FF5844E3B17.sh

echo "Depend check for xcode"
Depend check for xcode
cd /Users/security/osxminecraft/CMakeFiles/CMakeTmp && make -C /Users/security/osxminecraft/CMakeFiles/CMakeTmp -f /Users/security/osxminecraft/CMakeFiles/CMakeTmp/CMakeScripts/XCODE_DEPEND_HELPER.make PostBuild.cmTryCompileExec1395724360.Debug
make[1]: Nothing to be done for `PostBuild.cmTryCompileExec1395724360.Debug'.
** BUILD SUCCEEDED **



